<?xml version="1.0" encoding="UTF-8"?>
<testsuite xmlns:xsi="http://www.w3.org/2001/XMLSchema-instance" xsi:noNamespaceSchemaLocation="https://maven.apache.org/surefire/maven-surefire-plugin/xsd/surefire-test-report-3.0.xsd" version="3.0" name="com.slipstream.detector.EnhancedMLAnomalyDetectorTest" time="0.19" tests="8" errors="0" skipped="0" failures="1">
  <properties>
[...]
</properties>
  <testcase name="testModelTraining" classname="com.slipstream.detector.EnhancedMLAnomalyDetectorTest" time="0.143">
    <system-out><![CDATA[15:03:16,236 |-INFO in ch.qos.logback.classic.LoggerContext[default] - This is logback-classic version 1.4.14
15:03:16,236 |-INFO in ch.qos.logback.classic.util.ContextInitializer@47caedad - No custom configurators were discovered as a service.
15:03:16,236 |-INFO in ch.qos.logback.classic.util.ContextInitializer@47caedad - Trying to configure with ch.qos.logback.classic.joran.SerializedModelConfigurator
15:03:16,236 |-INFO in ch.qos.logback.classic.util.ContextInitializer@47caedad - Constructed configurator of type class ch.qos.logback.classic.joran.SerializedModelConfigurator
15:03:16,237 |-INFO in ch.qos.logback.classic.LoggerContext[default] - Could NOT find resource [logback-test.scmo]
15:03:16,237 |-INFO in ch.qos.logback.classic.LoggerContext[default] - Could NOT find resource [logback.scmo]
15:03:16,238 |-INFO in ch.qos.logback.classic.util.ContextInitializer@47caedad - ch.qos.logback.classic.joran.SerializedModelConfigurator.configure() call lasted 1 milliseconds. ExecutionStatus=INVOKE_NEXT_IF_ANY
15:03:16,238 |-INFO in ch.qos.logback.classic.util.ContextInitializer@47caedad - Trying to configure with ch.qos.logback.classic.util.DefaultJoranConfigurator
15:03:16,239 |-INFO in ch.qos.logback.classic.util.ContextInitializer@47caedad - Constructed configurator of type class ch.qos.logback.classic.util.DefaultJoranConfigurator
15:03:16,239 |-INFO in ch.qos.logback.classic.LoggerContext[default] - Could NOT find resource [logback-test.xml]
15:03:16,240 |-INFO in ch.qos.logback.classic.LoggerContext[default] - Found resource [logback.xml] at [file:/Users/wscholl/SlipStream/target/classes/logback.xml]
15:03:16,304 |-INFO in ch.qos.logback.core.model.processor.AppenderModelHandler - Processing appender named [CONSOLE]
15:03:16,304 |-INFO in ch.qos.logback.core.model.processor.AppenderModelHandler - About to instantiate appender of type [ch.qos.logback.core.ConsoleAppender]
15:03:16,306 |-INFO in ch.qos.logback.core.model.processor.ImplicitModelHandler - Assuming default type [ch.qos.logback.classic.encoder.PatternLayoutEncoder] for [encoder] property
15:03:16,320 |-INFO in ch.qos.logback.core.model.processor.AppenderModelHandler - Processing appender named [FILE]
15:03:16,320 |-INFO in ch.qos.logback.core.model.processor.AppenderModelHandler - About to instantiate appender of type [ch.qos.logback.core.rolling.RollingFileAppender]
15:03:16,322 |-WARN in ch.qos.logback.core.model.processor.ImplicitModelHandler - Ignoring unknown property [maxFileSize] in [ch.qos.logback.core.rolling.TimeBasedRollingPolicy]
15:03:16,324 |-INFO in c.q.l.core.rolling.TimeBasedRollingPolicy@1899600175 - setting totalSizeCap to 1 GB
15:03:16,325 |-INFO in c.q.l.core.rolling.TimeBasedRollingPolicy@1899600175 - Will use gz compression
15:03:16,325 |-INFO in c.q.l.core.rolling.TimeBasedRollingPolicy@1899600175 - Will use the pattern logs/slipstream.%d{yyyy-MM-dd}.%i.log for the active file
15:03:16,337 |-INFO in c.q.l.core.rolling.DefaultTimeBasedFileNamingAndTriggeringPolicy - The date pattern is 'yyyy-MM-dd' from file name pattern 'logs/slipstream.%d{yyyy-MM-dd}.%i.log.gz'.
15:03:16,337 |-INFO in c.q.l.core.rolling.DefaultTimeBasedFileNamingAndTriggeringPolicy - Roll-over at midnight.
15:03:16,339 |-INFO in c.q.l.core.rolling.DefaultTimeBasedFileNamingAndTriggeringPolicy - Setting initial period to 2025-11-07T20:03:16.339Z
15:03:16,339 |-ERROR in c.q.l.core.rolling.DefaultTimeBasedFileNamingAndTriggeringPolicy - Filename pattern [logs/slipstream.%d{yyyy-MM-dd}.%i.log.gz] contains an integer token converter, i.e. %i, INCOMPATIBLE with this configuration. Remove it.
15:03:16,339 |-WARN in c.q.l.core.rolling.TimeBasedRollingPolicy@1899600175 - Subcomponent did not start. TimeBasedRollingPolicy will not start.
15:03:16,339 |-INFO in ch.qos.logback.core.model.processor.ImplicitModelHandler - Assuming default type [ch.qos.logback.classic.encoder.PatternLayoutEncoder] for [encoder] property
15:03:16,340 |-WARN in ch.qos.logback.core.rolling.RollingFileAppender[FILE] - TriggeringPolicy has not started. RollingFileAppender will not start
15:03:16,340 |-INFO in ch.qos.logback.classic.model.processor.LoggerModelHandler - Setting level of logger [com.slipstream] to INFO
15:03:16,341 |-INFO in ch.qos.logback.classic.model.processor.LoggerModelHandler - Setting additivity of logger [com.slipstream] to false
15:03:16,341 |-INFO in ch.qos.logback.core.model.processor.AppenderRefModelHandler - Attaching appender named [CONSOLE] to Logger[com.slipstream]
15:03:16,341 |-INFO in ch.qos.logback.core.model.processor.AppenderRefModelHandler - Attaching appender named [FILE] to Logger[com.slipstream]
15:03:16,341 |-INFO in ch.qos.logback.classic.model.processor.LoggerModelHandler - Setting level of logger [org.apache.kafka.streams] to INFO
15:03:16,341 |-INFO in ch.qos.logback.classic.model.processor.LoggerModelHandler - Setting additivity of logger [org.apache.kafka.streams] to false
15:03:16,341 |-INFO in ch.qos.logback.core.model.processor.AppenderRefModelHandler - Attaching appender named [CONSOLE] to Logger[org.apache.kafka.streams]
15:03:16,341 |-INFO in ch.qos.logback.core.model.processor.AppenderRefModelHandler - Attaching appender named [FILE] to Logger[org.apache.kafka.streams]
15:03:16,341 |-INFO in ch.qos.logback.classic.model.processor.LoggerModelHandler - Setting level of logger [org.apache.kafka.clients] to WARN
15:03:16,341 |-INFO in ch.qos.logback.classic.model.processor.LoggerModelHandler - Setting additivity of logger [org.apache.kafka.clients] to false
15:03:16,341 |-INFO in ch.qos.logback.core.model.processor.AppenderRefModelHandler - Attaching appender named [CONSOLE] to Logger[org.apache.kafka.clients]
15:03:16,341 |-INFO in ch.qos.logback.core.model.processor.AppenderRefModelHandler - Attaching appender named [FILE] to Logger[org.apache.kafka.clients]
15:03:16,341 |-INFO in ch.qos.logback.classic.model.processor.LoggerModelHandler - Setting level of logger [smile] to INFO
15:03:16,341 |-INFO in ch.qos.logback.classic.model.processor.LoggerModelHandler - Setting additivity of logger [smile] to false
15:03:16,341 |-INFO in ch.qos.logback.core.model.processor.AppenderRefModelHandler - Attaching appender named [CONSOLE] to Logger[smile]
15:03:16,341 |-INFO in ch.qos.logback.core.model.processor.AppenderRefModelHandler - Attaching appender named [FILE] to Logger[smile]
15:03:16,341 |-INFO in ch.qos.logback.classic.model.processor.RootLoggerModelHandler - Setting level of ROOT logger to INFO
15:03:16,341 |-INFO in ch.qos.logback.core.model.processor.AppenderRefModelHandler - Attaching appender named [CONSOLE] to Logger[ROOT]
15:03:16,341 |-INFO in ch.qos.logback.core.model.processor.AppenderRefModelHandler - Attaching appender named [FILE] to Logger[ROOT]
15:03:16,341 |-INFO in ch.qos.logback.core.model.processor.DefaultProcessor@387a8303 - End of configuration.
15:03:16,341 |-INFO in ch.qos.logback.classic.joran.JoranConfigurator@28cda624 - Registering current configuration as safe fallback point
15:03:16,341 |-INFO in ch.qos.logback.classic.util.ContextInitializer@47caedad - ch.qos.logback.classic.util.DefaultJoranConfigurator.configure() call lasted 102 milliseconds. ExecutionStatus=DO_NOT_INVOKE_NEXT_IF_ANY

15:03:16.350 [main] INFO  c.s.d.EnhancedMLAnomalyDetector - Initialized Enhanced ML Anomaly Detector with threshold 0.7
15:03:16.357 [main] INFO  c.s.d.EnhancedMLAnomalyDetector - Enhanced ML model is now trained with 50 samples
]]></system-out>
  </testcase>
  <testcase name="testBehavioralProfiling" classname="com.slipstream.detector.EnhancedMLAnomalyDetectorTest" time="0.004">
    <system-out><![CDATA[15:03:16.362 [main] INFO  c.s.d.EnhancedMLAnomalyDetector - Initialized Enhanced ML Anomaly Detector with threshold 0.7
15:03:16.363 [main] INFO  c.s.d.EnhancedMLAnomalyDetector - Enhanced ML model is now trained with 50 samples
]]></system-out>
  </testcase>
  <testcase name="testFeatureExtraction" classname="com.slipstream.detector.EnhancedMLAnomalyDetectorTest" time="0.001">
    <system-out><![CDATA[15:03:16.367 [main] INFO  c.s.d.EnhancedMLAnomalyDetector - Initialized Enhanced ML Anomaly Detector with threshold 0.7
15:03:16.368 [main] INFO  c.s.d.EnhancedMLAnomalyDetector - Enhanced ML model is now trained with 50 samples
]]></system-out>
  </testcase>
  <testcase name="testVelocityDetection" classname="com.slipstream.detector.EnhancedMLAnomalyDetectorTest" time="0.002">
    <system-out><![CDATA[15:03:16.369 [main] INFO  c.s.d.EnhancedMLAnomalyDetector - Initialized Enhanced ML Anomaly Detector with threshold 0.7
15:03:16.370 [main] INFO  c.s.d.EnhancedMLAnomalyDetector - Enhanced ML model is now trained with 50 samples
]]></system-out>
  </testcase>
  <testcase name="testAdaptiveThresholds" classname="com.slipstream.detector.EnhancedMLAnomalyDetectorTest" time="0.001">
    <system-out><![CDATA[15:03:16.371 [main] INFO  c.s.d.EnhancedMLAnomalyDetector - Initialized Enhanced ML Anomaly Detector with threshold 0.7
15:03:16.372 [main] INFO  c.s.d.EnhancedMLAnomalyDetector - Enhanced ML model is now trained with 50 samples
]]></system-out>
  </testcase>
  <testcase name="testAnomalyDetectionAfterTraining" classname="com.slipstream.detector.EnhancedMLAnomalyDetectorTest" time="0.003">
    <failure message="expected: &lt;true&gt; but was: &lt;false&gt;" type="org.opentest4j.AssertionFailedError"><![CDATA[org.opentest4j.AssertionFailedError: expected: <true> but was: <false>
	at org.junit.jupiter.api.AssertionFailureBuilder.build(AssertionFailureBuilder.java:151)
	at org.junit.jupiter.api.AssertionFailureBuilder.buildAndThrow(AssertionFailureBuilder.java:132)
	at org.junit.jupiter.api.AssertTrue.failNotTrue(AssertTrue.java:63)
	at org.junit.jupiter.api.AssertTrue.assertTrue(AssertTrue.java:36)
	at org.junit.jupiter.api.AssertTrue.assertTrue(AssertTrue.java:31)
	at org.junit.jupiter.api.Assertions.assertTrue(Assertions.java:183)
	at com.slipstream.detector.EnhancedMLAnomalyDetectorTest.testAnomalyDetectionAfterTraining(EnhancedMLAnomalyDetectorTest.java:102)
	at java.base/java.lang.reflect.Method.invoke(Method.java:565)
	at java.base/java.util.ArrayList.forEach(ArrayList.java:1604)
	at java.base/java.util.ArrayList.forEach(ArrayList.java:1604)
]]></failure>
    <system-out><![CDATA[15:03:16.373 [main] INFO  c.s.d.EnhancedMLAnomalyDetector - Initialized Enhanced ML Anomaly Detector with threshold 0.7
15:03:16.373 [main] INFO  c.s.d.EnhancedMLAnomalyDetector - Enhanced ML model is now trained with 50 samples
]]></system-out>
  </testcase>
  <testcase name="testDetectorInitialization" classname="com.slipstream.detector.EnhancedMLAnomalyDetectorTest" time="0.001">
    <system-out><![CDATA[15:03:16.377 [main] INFO  c.s.d.EnhancedMLAnomalyDetector - Initialized Enhanced ML Anomaly Detector with threshold 0.7
]]></system-out>
  </testcase>
  <testcase name="testInitialDetectionBeforeTraining" classname="com.slipstream.detector.EnhancedMLAnomalyDetectorTest" time="0.001">
    <system-out><![CDATA[15:03:16.378 [main] INFO  c.s.d.EnhancedMLAnomalyDetector - Initialized Enhanced ML Anomaly Detector with threshold 0.7
]]></system-out>
  </testcase>
</testsuite>