<?xml version="1.0" encoding="UTF-8"?>
<testsuite xmlns:xsi="http://www.w3.org/2001/XMLSchema-instance" xsi:noNamespaceSchemaLocation="https://maven.apache.org/surefire/maven-surefire-plugin/xsd/surefire-test-report-3.0.xsd" version="3.0" name="com.slipstream.examples.DashboardIntegrationTest" time="1.058" tests="1" errors="1" skipped="0" failures="0">
  <properties>
[...]
</properties>
  <testcase name="testCompleteDashboardWorkflow" classname="com.slipstream.examples.DashboardIntegrationTest" time="1.042">
    <error message="HTTP/1.1 header parser received no bytes" type="java.io.IOException"><![CDATA[java.io.IOException: HTTP/1.1 header parser received no bytes
	at java.net.http/jdk.internal.net.http.HttpClientImpl.send(HttpClientImpl.java:938)
	at java.net.http/jdk.internal.net.http.HttpClientFacade.send(HttpClientFacade.java:133)
	at com.slipstream.examples.DashboardIntegrationTest.testDashboardHtmlEndpoint(DashboardIntegrationTest.java:233)
	at com.slipstream.examples.DashboardIntegrationTest.testCompleteDashboardWorkflow(DashboardIntegrationTest.java:75)
	at java.base/java.lang.reflect.Method.invoke(Method.java:565)
	at java.base/java.util.ArrayList.forEach(ArrayList.java:1604)
	at java.base/java.util.ArrayList.forEach(ArrayList.java:1604)
Caused by: java.io.IOException: HTTP/1.1 header parser received no bytes
	at java.net.http/jdk.internal.net.http.common.Utils.wrapWithExtraDetail(Utils.java:456)
	at java.net.http/jdk.internal.net.http.Http1Response$HeadersReader.onReadError(Http1Response.java:591)
	at java.net.http/jdk.internal.net.http.Http1AsyncReceiver.checkForErrors(Http1AsyncReceiver.java:304)
	at java.net.http/jdk.internal.net.http.Http1AsyncReceiver.flush(Http1AsyncReceiver.java:270)
	at java.net.http/jdk.internal.net.http.common.SequentialScheduler$LockingRestartableTask.run(SequentialScheduler.java:182)
	at java.net.http/jdk.internal.net.http.common.SequentialScheduler$CompleteRestartableTask.run(SequentialScheduler.java:149)
	at java.net.http/jdk.internal.net.http.common.SequentialScheduler$SchedulableTask.run(SequentialScheduler.java:207)
	at java.base/java.util.concurrent.ThreadPoolExecutor.runWorker(ThreadPoolExecutor.java:1090)
	at java.base/java.util.concurrent.ThreadPoolExecutor$Worker.run(ThreadPoolExecutor.java:614)
	at java.base/java.lang.Thread.run(Thread.java:1474)
Caused by: java.io.EOFException: EOF reached while reading
	at java.net.http/jdk.internal.net.http.Http1AsyncReceiver$Http1TubeSubscriber.onComplete(Http1AsyncReceiver.java:603)
	at java.net.http/jdk.internal.net.http.SocketTube$InternalReadPublisher$ReadSubscription.signalCompletion(SocketTube.java:652)
	at java.net.http/jdk.internal.net.http.SocketTube$InternalReadPublisher$InternalReadSubscription.read(SocketTube.java:883)
	at java.net.http/jdk.internal.net.http.SocketTube$SocketFlowTask.run(SocketTube.java:181)
	at java.net.http/jdk.internal.net.http.common.SequentialScheduler$SchedulableTask.run(SequentialScheduler.java:207)
	at java.net.http/jdk.internal.net.http.common.SequentialScheduler.runOrSchedule(SequentialScheduler.java:280)
	at java.net.http/jdk.internal.net.http.common.SequentialScheduler.runOrSchedule(SequentialScheduler.java:233)
	at java.net.http/jdk.internal.net.http.SocketTube$InternalReadPublisher$InternalReadSubscription.signalReadable(SocketTube.java:812)
	at java.net.http/jdk.internal.net.http.SocketTube$InternalReadPublisher$ReadEvent.signalEvent(SocketTube.java:1002)
	at java.net.http/jdk.internal.net.http.SocketTube$SocketFlowEvent.handle(SocketTube.java:253)
	at java.net.http/jdk.internal.net.http.HttpClientImpl$SelectorManager.handleEvent(HttpClientImpl.java:1439)
	at java.net.http/jdk.internal.net.http.HttpClientImpl$SelectorManager.lambda$run$3(HttpClientImpl.java:1384)
	at java.base/java.util.ArrayList.forEach(ArrayList.java:1604)
	at java.net.http/jdk.internal.net.http.HttpClientImpl$SelectorManager.run(HttpClientImpl.java:1384)
]]></error>
    <system-out><![CDATA[15:39:43,843 |-INFO in ch.qos.logback.classic.LoggerContext[default] - This is logback-classic version 1.4.14
15:39:43,843 |-INFO in ch.qos.logback.classic.util.ContextInitializer@5a7fe64f - No custom configurators were discovered as a service.
15:39:43,843 |-INFO in ch.qos.logback.classic.util.ContextInitializer@5a7fe64f - Trying to configure with ch.qos.logback.classic.joran.SerializedModelConfigurator
15:39:43,844 |-INFO in ch.qos.logback.classic.util.ContextInitializer@5a7fe64f - Constructed configurator of type class ch.qos.logback.classic.joran.SerializedModelConfigurator
15:39:43,844 |-INFO in ch.qos.logback.classic.LoggerContext[default] - Could NOT find resource [logback-test.scmo]
15:39:43,844 |-INFO in ch.qos.logback.classic.LoggerContext[default] - Could NOT find resource [logback.scmo]
15:39:43,845 |-INFO in ch.qos.logback.classic.util.ContextInitializer@5a7fe64f - ch.qos.logback.classic.joran.SerializedModelConfigurator.configure() call lasted 0 milliseconds. ExecutionStatus=INVOKE_NEXT_IF_ANY
15:39:43,845 |-INFO in ch.qos.logback.classic.util.ContextInitializer@5a7fe64f - Trying to configure with ch.qos.logback.classic.util.DefaultJoranConfigurator
15:39:43,845 |-INFO in ch.qos.logback.classic.util.ContextInitializer@5a7fe64f - Constructed configurator of type class ch.qos.logback.classic.util.DefaultJoranConfigurator
15:39:43,845 |-INFO in ch.qos.logback.classic.LoggerContext[default] - Could NOT find resource [logback-test.xml]
15:39:43,846 |-INFO in ch.qos.logback.classic.LoggerContext[default] - Found resource [logback.xml] at [file:/Users/wscholl/SlipStream/target/classes/logback.xml]
15:39:43,883 |-INFO in ch.qos.logback.core.model.processor.AppenderModelHandler - Processing appender named [CONSOLE]
15:39:43,883 |-INFO in ch.qos.logback.core.model.processor.AppenderModelHandler - About to instantiate appender of type [ch.qos.logback.core.ConsoleAppender]
15:39:43,885 |-INFO in ch.qos.logback.core.model.processor.ImplicitModelHandler - Assuming default type [ch.qos.logback.classic.encoder.PatternLayoutEncoder] for [encoder] property
15:39:43,897 |-INFO in ch.qos.logback.core.model.processor.AppenderModelHandler - Processing appender named [FILE]
15:39:43,897 |-INFO in ch.qos.logback.core.model.processor.AppenderModelHandler - About to instantiate appender of type [ch.qos.logback.core.rolling.RollingFileAppender]
15:39:43,898 |-WARN in ch.qos.logback.core.model.processor.ImplicitModelHandler - Ignoring unknown property [maxFileSize] in [ch.qos.logback.core.rolling.TimeBasedRollingPolicy]
15:39:43,900 |-INFO in c.q.l.core.rolling.TimeBasedRollingPolicy@940857381 - setting totalSizeCap to 1 GB
15:39:43,901 |-INFO in c.q.l.core.rolling.TimeBasedRollingPolicy@940857381 - Will use gz compression
15:39:43,901 |-INFO in c.q.l.core.rolling.TimeBasedRollingPolicy@940857381 - Will use the pattern logs/slipstream.%d{yyyy-MM-dd}.%i.log for the active file
15:39:43,913 |-INFO in c.q.l.core.rolling.DefaultTimeBasedFileNamingAndTriggeringPolicy - The date pattern is 'yyyy-MM-dd' from file name pattern 'logs/slipstream.%d{yyyy-MM-dd}.%i.log.gz'.
15:39:43,913 |-INFO in c.q.l.core.rolling.DefaultTimeBasedFileNamingAndTriggeringPolicy - Roll-over at midnight.
15:39:43,916 |-INFO in c.q.l.core.rolling.DefaultTimeBasedFileNamingAndTriggeringPolicy - Setting initial period to 2025-11-07T20:39:43.916Z
15:39:43,916 |-ERROR in c.q.l.core.rolling.DefaultTimeBasedFileNamingAndTriggeringPolicy - Filename pattern [logs/slipstream.%d{yyyy-MM-dd}.%i.log.gz] contains an integer token converter, i.e. %i, INCOMPATIBLE with this configuration. Remove it.
15:39:43,916 |-WARN in c.q.l.core.rolling.TimeBasedRollingPolicy@940857381 - Subcomponent did not start. TimeBasedRollingPolicy will not start.
15:39:43,916 |-INFO in ch.qos.logback.core.model.processor.ImplicitModelHandler - Assuming default type [ch.qos.logback.classic.encoder.PatternLayoutEncoder] for [encoder] property
15:39:43,916 |-WARN in ch.qos.logback.core.rolling.RollingFileAppender[FILE] - TriggeringPolicy has not started. RollingFileAppender will not start
15:39:43,916 |-INFO in ch.qos.logback.classic.model.processor.LoggerModelHandler - Setting level of logger [com.slipstream] to INFO
15:39:43,917 |-INFO in ch.qos.logback.classic.model.processor.LoggerModelHandler - Setting additivity of logger [com.slipstream] to false
15:39:43,917 |-INFO in ch.qos.logback.core.model.processor.AppenderRefModelHandler - Attaching appender named [CONSOLE] to Logger[com.slipstream]
15:39:43,918 |-INFO in ch.qos.logback.core.model.processor.AppenderRefModelHandler - Attaching appender named [FILE] to Logger[com.slipstream]
15:39:43,918 |-INFO in ch.qos.logback.classic.model.processor.LoggerModelHandler - Setting level of logger [org.apache.kafka.streams] to INFO
15:39:43,918 |-INFO in ch.qos.logback.classic.model.processor.LoggerModelHandler - Setting additivity of logger [org.apache.kafka.streams] to false
15:39:43,918 |-INFO in ch.qos.logback.core.model.processor.AppenderRefModelHandler - Attaching appender named [CONSOLE] to Logger[org.apache.kafka.streams]
15:39:43,918 |-INFO in ch.qos.logback.core.model.processor.AppenderRefModelHandler - Attaching appender named [FILE] to Logger[org.apache.kafka.streams]
15:39:43,918 |-INFO in ch.qos.logback.classic.model.processor.LoggerModelHandler - Setting level of logger [org.apache.kafka.clients] to WARN
15:39:43,918 |-INFO in ch.qos.logback.classic.model.processor.LoggerModelHandler - Setting additivity of logger [org.apache.kafka.clients] to false
15:39:43,918 |-INFO in ch.qos.logback.core.model.processor.AppenderRefModelHandler - Attaching appender named [CONSOLE] to Logger[org.apache.kafka.clients]
15:39:43,918 |-INFO in ch.qos.logback.core.model.processor.AppenderRefModelHandler - Attaching appender named [FILE] to Logger[org.apache.kafka.clients]
15:39:43,918 |-INFO in ch.qos.logback.classic.model.processor.LoggerModelHandler - Setting level of logger [smile] to INFO
15:39:43,918 |-INFO in ch.qos.logback.classic.model.processor.LoggerModelHandler - Setting additivity of logger [smile] to false
15:39:43,918 |-INFO in ch.qos.logback.core.model.processor.AppenderRefModelHandler - Attaching appender named [CONSOLE] to Logger[smile]
15:39:43,918 |-INFO in ch.qos.logback.core.model.processor.AppenderRefModelHandler - Attaching appender named [FILE] to Logger[smile]
15:39:43,918 |-INFO in ch.qos.logback.classic.model.processor.RootLoggerModelHandler - Setting level of ROOT logger to INFO
15:39:43,918 |-INFO in ch.qos.logback.core.model.processor.AppenderRefModelHandler - Attaching appender named [CONSOLE] to Logger[ROOT]
15:39:43,918 |-INFO in ch.qos.logback.core.model.processor.AppenderRefModelHandler - Attaching appender named [FILE] to Logger[ROOT]
15:39:43,918 |-INFO in ch.qos.logback.core.model.processor.DefaultProcessor@1b66c0fb - End of configuration.
15:39:43,918 |-INFO in ch.qos.logback.classic.joran.JoranConfigurator@3e0e1046 - Registering current configuration as safe fallback point
15:39:43,918 |-INFO in ch.qos.logback.classic.util.ContextInitializer@5a7fe64f - ch.qos.logback.classic.util.DefaultJoranConfigurator.configure() call lasted 73 milliseconds. ExecutionStatus=DO_NOT_INVOKE_NEXT_IF_ANY

15:39:43.920 [main] INFO  c.s.monitoring.MetricsCollector - MetricsCollector initialized
15:39:44.093 [main] INFO  c.s.monitoring.DashboardServer - Dashboard server started on port 8082
15:39:44.094 [main] INFO  c.s.monitoring.DashboardServer - Access dashboard at http://localhost:8082/
15:39:44.692 [main] INFO  c.s.monitoring.MetricsCollector - Alert recorded for transaction alert-001
✓ Metrics endpoint working correctly
  - Total transactions: 100
  - Total anomalies: 5
  - Anomaly rate: 5.00%
✓ Health endpoint working correctly
  - System healthy: true
  - Processing rate: 0.0 tx/sec
✓ Anomalies endpoint working correctly
  - Recent anomalies returned: 5
Actual distribution: {unusual_amount=1, fraud=1, time_pattern=1, location=1, velocity=1}
✓ Distribution endpoint working correctly
  - Anomaly types detected: [unusual_amount, fraud, time_pattern, location, velocity]
15:39:44.862 [main] INFO  c.s.monitoring.DashboardServer - Dashboard server stopped
]]></system-out>
  </testcase>
</testsuite>