<?xml version="1.0" encoding="UTF-8"?>
<testsuite xmlns:xsi="http://www.w3.org/2001/XMLSchema-instance" xsi:noNamespaceSchemaLocation="https://maven.apache.org/surefire/maven-surefire-plugin/xsd/surefire-test-report-3.0.xsd" version="3.0" name="com.slipstream.detector.StatisticalAnomalyDetectorTest" time="0.112" tests="7" errors="0" skipped="0" failures="0">
  <properties>
[...]
</properties>
  <testcase name="testFeatureExtraction" classname="com.slipstream.detector.StatisticalAnomalyDetectorTest" time="0.088">
    <system-out><![CDATA[11:43:09,414 |-INFO in ch.qos.logback.classic.LoggerContext[default] - This is logback-classic version 1.4.14
11:43:09,414 |-INFO in ch.qos.logback.classic.util.ContextInitializer@6a4f1a55 - No custom configurators were discovered as a service.
11:43:09,414 |-INFO in ch.qos.logback.classic.util.ContextInitializer@6a4f1a55 - Trying to configure with ch.qos.logback.classic.joran.SerializedModelConfigurator
11:43:09,415 |-INFO in ch.qos.logback.classic.util.ContextInitializer@6a4f1a55 - Constructed configurator of type class ch.qos.logback.classic.joran.SerializedModelConfigurator
11:43:09,415 |-INFO in ch.qos.logback.classic.LoggerContext[default] - Could NOT find resource [logback-test.scmo]
11:43:09,415 |-INFO in ch.qos.logback.classic.LoggerContext[default] - Could NOT find resource [logback.scmo]
11:43:09,416 |-INFO in ch.qos.logback.classic.util.ContextInitializer@6a4f1a55 - ch.qos.logback.classic.joran.SerializedModelConfigurator.configure() call lasted 0 milliseconds. ExecutionStatus=INVOKE_NEXT_IF_ANY
11:43:09,416 |-INFO in ch.qos.logback.classic.util.ContextInitializer@6a4f1a55 - Trying to configure with ch.qos.logback.classic.util.DefaultJoranConfigurator
11:43:09,416 |-INFO in ch.qos.logback.classic.util.ContextInitializer@6a4f1a55 - Constructed configurator of type class ch.qos.logback.classic.util.DefaultJoranConfigurator
11:43:09,416 |-INFO in ch.qos.logback.classic.LoggerContext[default] - Could NOT find resource [logback-test.xml]
11:43:09,417 |-INFO in ch.qos.logback.classic.LoggerContext[default] - Found resource [logback.xml] at [file:/Users/wscholl/SlipStream/target/classes/logback.xml]
11:43:09,445 |-INFO in ch.qos.logback.core.model.processor.AppenderModelHandler - Processing appender named [CONSOLE]
11:43:09,445 |-INFO in ch.qos.logback.core.model.processor.AppenderModelHandler - About to instantiate appender of type [ch.qos.logback.core.ConsoleAppender]
11:43:09,447 |-INFO in ch.qos.logback.core.model.processor.ImplicitModelHandler - Assuming default type [ch.qos.logback.classic.encoder.PatternLayoutEncoder] for [encoder] property
11:43:09,459 |-INFO in ch.qos.logback.core.model.processor.AppenderModelHandler - Processing appender named [FILE]
11:43:09,459 |-INFO in ch.qos.logback.core.model.processor.AppenderModelHandler - About to instantiate appender of type [ch.qos.logback.core.rolling.RollingFileAppender]
11:43:09,461 |-WARN in ch.qos.logback.core.model.processor.ImplicitModelHandler - Ignoring unknown property [maxFileSize] in [ch.qos.logback.core.rolling.TimeBasedRollingPolicy]
11:43:09,463 |-INFO in c.q.l.core.rolling.TimeBasedRollingPolicy@2113748097 - setting totalSizeCap to 1 GB
11:43:09,464 |-INFO in c.q.l.core.rolling.TimeBasedRollingPolicy@2113748097 - Will use gz compression
11:43:09,464 |-INFO in c.q.l.core.rolling.TimeBasedRollingPolicy@2113748097 - Will use the pattern logs/slipstream.%d{yyyy-MM-dd}.%i.log for the active file
11:43:09,475 |-INFO in c.q.l.core.rolling.DefaultTimeBasedFileNamingAndTriggeringPolicy - The date pattern is 'yyyy-MM-dd' from file name pattern 'logs/slipstream.%d{yyyy-MM-dd}.%i.log.gz'.
11:43:09,475 |-INFO in c.q.l.core.rolling.DefaultTimeBasedFileNamingAndTriggeringPolicy - Roll-over at midnight.
11:43:09,477 |-INFO in c.q.l.core.rolling.DefaultTimeBasedFileNamingAndTriggeringPolicy - Setting initial period to 2025-11-06T16:43:09.477Z
11:43:09,477 |-ERROR in c.q.l.core.rolling.DefaultTimeBasedFileNamingAndTriggeringPolicy - Filename pattern [logs/slipstream.%d{yyyy-MM-dd}.%i.log.gz] contains an integer token converter, i.e. %i, INCOMPATIBLE with this configuration. Remove it.
11:43:09,477 |-WARN in c.q.l.core.rolling.TimeBasedRollingPolicy@2113748097 - Subcomponent did not start. TimeBasedRollingPolicy will not start.
11:43:09,477 |-INFO in ch.qos.logback.core.model.processor.ImplicitModelHandler - Assuming default type [ch.qos.logback.classic.encoder.PatternLayoutEncoder] for [encoder] property
11:43:09,478 |-WARN in ch.qos.logback.core.rolling.RollingFileAppender[FILE] - TriggeringPolicy has not started. RollingFileAppender will not start
11:43:09,478 |-INFO in ch.qos.logback.classic.model.processor.LoggerModelHandler - Setting level of logger [com.slipstream] to INFO
11:43:09,479 |-INFO in ch.qos.logback.classic.model.processor.LoggerModelHandler - Setting additivity of logger [com.slipstream] to false
11:43:09,479 |-INFO in ch.qos.logback.core.model.processor.AppenderRefModelHandler - Attaching appender named [CONSOLE] to Logger[com.slipstream]
11:43:09,479 |-INFO in ch.qos.logback.core.model.processor.AppenderRefModelHandler - Attaching appender named [FILE] to Logger[com.slipstream]
11:43:09,479 |-INFO in ch.qos.logback.classic.model.processor.LoggerModelHandler - Setting level of logger [org.apache.kafka.streams] to INFO
11:43:09,479 |-INFO in ch.qos.logback.classic.model.processor.LoggerModelHandler - Setting additivity of logger [org.apache.kafka.streams] to false
11:43:09,479 |-INFO in ch.qos.logback.core.model.processor.AppenderRefModelHandler - Attaching appender named [CONSOLE] to Logger[org.apache.kafka.streams]
11:43:09,479 |-INFO in ch.qos.logback.core.model.processor.AppenderRefModelHandler - Attaching appender named [FILE] to Logger[org.apache.kafka.streams]
11:43:09,479 |-INFO in ch.qos.logback.classic.model.processor.LoggerModelHandler - Setting level of logger [org.apache.kafka.clients] to WARN
11:43:09,479 |-INFO in ch.qos.logback.classic.model.processor.LoggerModelHandler - Setting additivity of logger [org.apache.kafka.clients] to false
11:43:09,479 |-INFO in ch.qos.logback.core.model.processor.AppenderRefModelHandler - Attaching appender named [CONSOLE] to Logger[org.apache.kafka.clients]
11:43:09,479 |-INFO in ch.qos.logback.core.model.processor.AppenderRefModelHandler - Attaching appender named [FILE] to Logger[org.apache.kafka.clients]
11:43:09,479 |-INFO in ch.qos.logback.classic.model.processor.LoggerModelHandler - Setting level of logger [smile] to INFO
11:43:09,479 |-INFO in ch.qos.logback.classic.model.processor.LoggerModelHandler - Setting additivity of logger [smile] to false
11:43:09,479 |-INFO in ch.qos.logback.core.model.processor.AppenderRefModelHandler - Attaching appender named [CONSOLE] to Logger[smile]
11:43:09,479 |-INFO in ch.qos.logback.core.model.processor.AppenderRefModelHandler - Attaching appender named [FILE] to Logger[smile]
11:43:09,479 |-INFO in ch.qos.logback.classic.model.processor.RootLoggerModelHandler - Setting level of ROOT logger to INFO
11:43:09,479 |-INFO in ch.qos.logback.core.model.processor.AppenderRefModelHandler - Attaching appender named [CONSOLE] to Logger[ROOT]
11:43:09,479 |-INFO in ch.qos.logback.core.model.processor.AppenderRefModelHandler - Attaching appender named [FILE] to Logger[ROOT]
11:43:09,479 |-INFO in ch.qos.logback.core.model.processor.DefaultProcessor@7bbc8656 - End of configuration.
11:43:09,479 |-INFO in ch.qos.logback.classic.joran.JoranConfigurator@6933b6c6 - Registering current configuration as safe fallback point
11:43:09,479 |-INFO in ch.qos.logback.classic.util.ContextInitializer@6a4f1a55 - ch.qos.logback.classic.util.DefaultJoranConfigurator.configure() call lasted 63 milliseconds. ExecutionStatus=DO_NOT_INVOKE_NEXT_IF_ANY

11:43:09.487 [main] INFO  c.s.d.StatisticalAnomalyDetector - Initialized Statistical Anomaly Detector with Z-score threshold 2.5, anomaly threshold 0.7
]]></system-out>
  </testcase>
  <testcase name="testRuleBasedDetection" classname="com.slipstream.detector.StatisticalAnomalyDetectorTest" time="0.002">
    <system-out><![CDATA[11:43:09.493 [main] INFO  c.s.d.StatisticalAnomalyDetector - Initialized Statistical Anomaly Detector with Z-score threshold 2.5, anomaly threshold 0.7
]]></system-out>
  </testcase>
  <testcase name="testAnomalyTypeDetection" classname="com.slipstream.detector.StatisticalAnomalyDetectorTest" time="0.001">
    <system-out><![CDATA[11:43:09.495 [main] INFO  c.s.d.StatisticalAnomalyDetector - Initialized Statistical Anomaly Detector with Z-score threshold 2.5, anomaly threshold 0.7
]]></system-out>
  </testcase>
  <testcase name="testModelUpdate" classname="com.slipstream.detector.StatisticalAnomalyDetectorTest" time="0.001">
    <system-out><![CDATA[11:43:09.495 [main] INFO  c.s.d.StatisticalAnomalyDetector - Initialized Statistical Anomaly Detector with Z-score threshold 2.5, anomaly threshold 0.7
]]></system-out>
  </testcase>
  <testcase name="testNormalTransactionDetection" classname="com.slipstream.detector.StatisticalAnomalyDetectorTest" time="0.001">
    <system-out><![CDATA[11:43:09.497 [main] INFO  c.s.d.StatisticalAnomalyDetector - Initialized Statistical Anomaly Detector with Z-score threshold 2.5, anomaly threshold 0.7
]]></system-out>
  </testcase>
  <testcase name="testMultipleUpdatesAndDetection" classname="com.slipstream.detector.StatisticalAnomalyDetectorTest" time="0.006">
    <system-out><![CDATA[11:43:09.497 [main] INFO  c.s.d.StatisticalAnomalyDetector - Initialized Statistical Anomaly Detector with Z-score threshold 2.5, anomaly threshold 0.7
11:43:09.499 [main] INFO  c.s.d.StatisticalAnomalyDetector - Statistical model is now trained with 20 samples
]]></system-out>
  </testcase>
  <testcase name="testDetectorInitialization" classname="com.slipstream.detector.StatisticalAnomalyDetectorTest" time="0.0">
    <system-out><![CDATA[11:43:09.504 [main] INFO  c.s.d.StatisticalAnomalyDetector - Initialized Statistical Anomaly Detector with Z-score threshold 2.5, anomaly threshold 0.7
]]></system-out>
  </testcase>
</testsuite>