<?xml version="1.0" encoding="UTF-8"?>
<testsuite xmlns:xsi="http://www.w3.org/2001/XMLSchema-instance" xsi:noNamespaceSchemaLocation="https://maven.apache.org/surefire/maven-surefire-plugin/xsd/surefire-test-report-3.0.xsd" version="3.0" name="com.slipstream.monitoring.DashboardServerTest" time="1.609" tests="9" errors="2" skipped="0" failures="1">
  <properties>
[...]
</properties>
  <testcase name="testCorsHeaders" classname="com.slipstream.monitoring.DashboardServerTest" time="0.567">
    <system-out><![CDATA[15:28:46,589 |-INFO in ch.qos.logback.classic.LoggerContext[default] - This is logback-classic version 1.4.14
15:28:46,589 |-INFO in ch.qos.logback.classic.util.ContextInitializer@7d3e8655 - No custom configurators were discovered as a service.
15:28:46,589 |-INFO in ch.qos.logback.classic.util.ContextInitializer@7d3e8655 - Trying to configure with ch.qos.logback.classic.joran.SerializedModelConfigurator
15:28:46,590 |-INFO in ch.qos.logback.classic.util.ContextInitializer@7d3e8655 - Constructed configurator of type class ch.qos.logback.classic.joran.SerializedModelConfigurator
15:28:46,590 |-INFO in ch.qos.logback.classic.LoggerContext[default] - Could NOT find resource [logback-test.scmo]
15:28:46,590 |-INFO in ch.qos.logback.classic.LoggerContext[default] - Could NOT find resource [logback.scmo]
15:28:46,591 |-INFO in ch.qos.logback.classic.util.ContextInitializer@7d3e8655 - ch.qos.logback.classic.joran.SerializedModelConfigurator.configure() call lasted 0 milliseconds. ExecutionStatus=INVOKE_NEXT_IF_ANY
15:28:46,591 |-INFO in ch.qos.logback.classic.util.ContextInitializer@7d3e8655 - Trying to configure with ch.qos.logback.classic.util.DefaultJoranConfigurator
15:28:46,591 |-INFO in ch.qos.logback.classic.util.ContextInitializer@7d3e8655 - Constructed configurator of type class ch.qos.logback.classic.util.DefaultJoranConfigurator
15:28:46,591 |-INFO in ch.qos.logback.classic.LoggerContext[default] - Could NOT find resource [logback-test.xml]
15:28:46,592 |-INFO in ch.qos.logback.classic.LoggerContext[default] - Found resource [logback.xml] at [file:/Users/wscholl/SlipStream/target/classes/logback.xml]
15:28:46,639 |-INFO in ch.qos.logback.core.model.processor.AppenderModelHandler - Processing appender named [CONSOLE]
15:28:46,639 |-INFO in ch.qos.logback.core.model.processor.AppenderModelHandler - About to instantiate appender of type [ch.qos.logback.core.ConsoleAppender]
15:28:46,641 |-INFO in ch.qos.logback.core.model.processor.ImplicitModelHandler - Assuming default type [ch.qos.logback.classic.encoder.PatternLayoutEncoder] for [encoder] property
15:28:46,654 |-INFO in ch.qos.logback.core.model.processor.AppenderModelHandler - Processing appender named [FILE]
15:28:46,654 |-INFO in ch.qos.logback.core.model.processor.AppenderModelHandler - About to instantiate appender of type [ch.qos.logback.core.rolling.RollingFileAppender]
15:28:46,656 |-WARN in ch.qos.logback.core.model.processor.ImplicitModelHandler - Ignoring unknown property [maxFileSize] in [ch.qos.logback.core.rolling.TimeBasedRollingPolicy]
15:28:46,658 |-INFO in c.q.l.core.rolling.TimeBasedRollingPolicy@2113604623 - setting totalSizeCap to 1 GB
15:28:46,659 |-INFO in c.q.l.core.rolling.TimeBasedRollingPolicy@2113604623 - Will use gz compression
15:28:46,659 |-INFO in c.q.l.core.rolling.TimeBasedRollingPolicy@2113604623 - Will use the pattern logs/slipstream.%d{yyyy-MM-dd}.%i.log for the active file
15:28:46,669 |-INFO in c.q.l.core.rolling.DefaultTimeBasedFileNamingAndTriggeringPolicy - The date pattern is 'yyyy-MM-dd' from file name pattern 'logs/slipstream.%d{yyyy-MM-dd}.%i.log.gz'.
15:28:46,669 |-INFO in c.q.l.core.rolling.DefaultTimeBasedFileNamingAndTriggeringPolicy - Roll-over at midnight.
15:28:46,671 |-INFO in c.q.l.core.rolling.DefaultTimeBasedFileNamingAndTriggeringPolicy - Setting initial period to 2025-11-07T20:28:46.670Z
15:28:46,671 |-ERROR in c.q.l.core.rolling.DefaultTimeBasedFileNamingAndTriggeringPolicy - Filename pattern [logs/slipstream.%d{yyyy-MM-dd}.%i.log.gz] contains an integer token converter, i.e. %i, INCOMPATIBLE with this configuration. Remove it.
15:28:46,671 |-WARN in c.q.l.core.rolling.TimeBasedRollingPolicy@2113604623 - Subcomponent did not start. TimeBasedRollingPolicy will not start.
15:28:46,671 |-INFO in ch.qos.logback.core.model.processor.ImplicitModelHandler - Assuming default type [ch.qos.logback.classic.encoder.PatternLayoutEncoder] for [encoder] property
15:28:46,671 |-WARN in ch.qos.logback.core.rolling.RollingFileAppender[FILE] - TriggeringPolicy has not started. RollingFileAppender will not start
15:28:46,671 |-INFO in ch.qos.logback.classic.model.processor.LoggerModelHandler - Setting level of logger [com.slipstream] to INFO
15:28:46,672 |-INFO in ch.qos.logback.classic.model.processor.LoggerModelHandler - Setting additivity of logger [com.slipstream] to false
15:28:46,672 |-INFO in ch.qos.logback.core.model.processor.AppenderRefModelHandler - Attaching appender named [CONSOLE] to Logger[com.slipstream]
15:28:46,672 |-INFO in ch.qos.logback.core.model.processor.AppenderRefModelHandler - Attaching appender named [FILE] to Logger[com.slipstream]
15:28:46,672 |-INFO in ch.qos.logback.classic.model.processor.LoggerModelHandler - Setting level of logger [org.apache.kafka.streams] to INFO
15:28:46,672 |-INFO in ch.qos.logback.classic.model.processor.LoggerModelHandler - Setting additivity of logger [org.apache.kafka.streams] to false
15:28:46,672 |-INFO in ch.qos.logback.core.model.processor.AppenderRefModelHandler - Attaching appender named [CONSOLE] to Logger[org.apache.kafka.streams]
15:28:46,672 |-INFO in ch.qos.logback.core.model.processor.AppenderRefModelHandler - Attaching appender named [FILE] to Logger[org.apache.kafka.streams]
15:28:46,672 |-INFO in ch.qos.logback.classic.model.processor.LoggerModelHandler - Setting level of logger [org.apache.kafka.clients] to WARN
15:28:46,672 |-INFO in ch.qos.logback.classic.model.processor.LoggerModelHandler - Setting additivity of logger [org.apache.kafka.clients] to false
15:28:46,672 |-INFO in ch.qos.logback.core.model.processor.AppenderRefModelHandler - Attaching appender named [CONSOLE] to Logger[org.apache.kafka.clients]
15:28:46,672 |-INFO in ch.qos.logback.core.model.processor.AppenderRefModelHandler - Attaching appender named [FILE] to Logger[org.apache.kafka.clients]
15:28:46,672 |-INFO in ch.qos.logback.classic.model.processor.LoggerModelHandler - Setting level of logger [smile] to INFO
15:28:46,672 |-INFO in ch.qos.logback.classic.model.processor.LoggerModelHandler - Setting additivity of logger [smile] to false
15:28:46,672 |-INFO in ch.qos.logback.core.model.processor.AppenderRefModelHandler - Attaching appender named [CONSOLE] to Logger[smile]
15:28:46,672 |-INFO in ch.qos.logback.core.model.processor.AppenderRefModelHandler - Attaching appender named [FILE] to Logger[smile]
15:28:46,672 |-INFO in ch.qos.logback.classic.model.processor.RootLoggerModelHandler - Setting level of ROOT logger to INFO
15:28:46,672 |-INFO in ch.qos.logback.core.model.processor.AppenderRefModelHandler - Attaching appender named [CONSOLE] to Logger[ROOT]
15:28:46,672 |-INFO in ch.qos.logback.core.model.processor.AppenderRefModelHandler - Attaching appender named [FILE] to Logger[ROOT]
15:28:46,672 |-INFO in ch.qos.logback.core.model.processor.DefaultProcessor@169bb4dd - End of configuration.
15:28:46,672 |-INFO in ch.qos.logback.classic.joran.JoranConfigurator@1f9e9475 - Registering current configuration as safe fallback point
15:28:46,672 |-INFO in ch.qos.logback.classic.util.ContextInitializer@7d3e8655 - ch.qos.logback.classic.util.DefaultJoranConfigurator.configure() call lasted 81 milliseconds. ExecutionStatus=DO_NOT_INVOKE_NEXT_IF_ANY

15:28:46.675 [main] INFO  c.s.monitoring.MetricsCollector - MetricsCollector initialized
15:28:46.923 [main] INFO  c.s.monitoring.DashboardServer - Dashboard server started on port 8081
15:28:46.924 [main] INFO  c.s.monitoring.DashboardServer - Access dashboard at http://localhost:8081/
15:28:47.142 [main] INFO  c.s.monitoring.DashboardServer - Dashboard server stopped
]]></system-out>
  </testcase>
  <testcase name="testHealthEndpoint" classname="com.slipstream.monitoring.DashboardServerTest" time="0.115">
    <system-out><![CDATA[15:28:47.146 [main] INFO  c.s.monitoring.MetricsCollector - MetricsCollector initialized
15:28:47.146 [main] INFO  c.s.monitoring.DashboardServer - Dashboard server started on port 8081
15:28:47.146 [main] INFO  c.s.monitoring.DashboardServer - Access dashboard at http://localhost:8081/
15:28:47.259 [main] INFO  c.s.monitoring.DashboardServer - Dashboard server stopped
]]></system-out>
  </testcase>
  <testcase name="testDistributionEndpoint" classname="com.slipstream.monitoring.DashboardServerTest" time="0.115">
    <system-out><![CDATA[15:28:47.260 [main] INFO  c.s.monitoring.MetricsCollector - MetricsCollector initialized
15:28:47.261 [main] INFO  c.s.monitoring.DashboardServer - Dashboard server started on port 8081
15:28:47.261 [main] INFO  c.s.monitoring.DashboardServer - Access dashboard at http://localhost:8081/
15:28:47.375 [main] INFO  c.s.monitoring.DashboardServer - Dashboard server stopped
]]></system-out>
  </testcase>
  <testcase name="testNotFoundEndpoint" classname="com.slipstream.monitoring.DashboardServerTest" time="0.111">
    <system-out><![CDATA[15:28:47.376 [main] INFO  c.s.monitoring.MetricsCollector - MetricsCollector initialized
15:28:47.377 [main] INFO  c.s.monitoring.DashboardServer - Dashboard server started on port 8081
15:28:47.378 [main] INFO  c.s.monitoring.DashboardServer - Access dashboard at http://localhost:8081/
15:28:47.486 [main] INFO  c.s.monitoring.DashboardServer - Dashboard server stopped
]]></system-out>
  </testcase>
  <testcase name="testMethodNotAllowed" classname="com.slipstream.monitoring.DashboardServerTest" time="0.124">
    <system-out><![CDATA[15:28:47.488 [main] INFO  c.s.monitoring.MetricsCollector - MetricsCollector initialized
15:28:47.489 [main] INFO  c.s.monitoring.DashboardServer - Dashboard server started on port 8081
15:28:47.489 [main] INFO  c.s.monitoring.DashboardServer - Access dashboard at http://localhost:8081/
15:28:47.611 [main] INFO  c.s.monitoring.DashboardServer - Dashboard server stopped
]]></system-out>
  </testcase>
  <testcase name="testDashboardHtmlEndpoint" classname="com.slipstream.monitoring.DashboardServerTest" time="0.124">
    <error message="HTTP/1.1 header parser received no bytes" type="java.io.IOException"><![CDATA[java.io.IOException: HTTP/1.1 header parser received no bytes
	at java.net.http/jdk.internal.net.http.HttpClientImpl.send(HttpClientImpl.java:938)
	at java.net.http/jdk.internal.net.http.HttpClientFacade.send(HttpClientFacade.java:133)
	at com.slipstream.monitoring.DashboardServerTest.testDashboardHtmlEndpoint(DashboardServerTest.java:153)
	at java.base/java.lang.reflect.Method.invoke(Method.java:565)
	at java.base/java.util.ArrayList.forEach(ArrayList.java:1604)
	at java.base/java.util.ArrayList.forEach(ArrayList.java:1604)
Caused by: java.io.IOException: HTTP/1.1 header parser received no bytes
	at java.net.http/jdk.internal.net.http.common.Utils.wrapWithExtraDetail(Utils.java:456)
	at java.net.http/jdk.internal.net.http.Http1Response$HeadersReader.onReadError(Http1Response.java:591)
	at java.net.http/jdk.internal.net.http.Http1AsyncReceiver.checkForErrors(Http1AsyncReceiver.java:304)
	at java.net.http/jdk.internal.net.http.Http1AsyncReceiver.flush(Http1AsyncReceiver.java:270)
	at java.net.http/jdk.internal.net.http.common.SequentialScheduler$LockingRestartableTask.run(SequentialScheduler.java:182)
	at java.net.http/jdk.internal.net.http.common.SequentialScheduler$CompleteRestartableTask.run(SequentialScheduler.java:149)
	at java.net.http/jdk.internal.net.http.common.SequentialScheduler$SchedulableTask.run(SequentialScheduler.java:207)
	at java.base/java.util.concurrent.ThreadPoolExecutor.runWorker(ThreadPoolExecutor.java:1090)
	at java.base/java.util.concurrent.ThreadPoolExecutor$Worker.run(ThreadPoolExecutor.java:614)
	at java.base/java.lang.Thread.run(Thread.java:1474)
Caused by: java.io.EOFException: EOF reached while reading
	at java.net.http/jdk.internal.net.http.Http1AsyncReceiver$Http1TubeSubscriber.onComplete(Http1AsyncReceiver.java:603)
	at java.net.http/jdk.internal.net.http.SocketTube$InternalReadPublisher$ReadSubscription.signalCompletion(SocketTube.java:652)
	at java.net.http/jdk.internal.net.http.SocketTube$InternalReadPublisher$InternalReadSubscription.read(SocketTube.java:883)
	at java.net.http/jdk.internal.net.http.SocketTube$SocketFlowTask.run(SocketTube.java:181)
	at java.net.http/jdk.internal.net.http.common.SequentialScheduler$SchedulableTask.run(SequentialScheduler.java:207)
	at java.net.http/jdk.internal.net.http.common.SequentialScheduler.runOrSchedule(SequentialScheduler.java:280)
	at java.net.http/jdk.internal.net.http.common.SequentialScheduler.runOrSchedule(SequentialScheduler.java:233)
	at java.net.http/jdk.internal.net.http.SocketTube$InternalReadPublisher$InternalReadSubscription.signalReadable(SocketTube.java:812)
	at java.net.http/jdk.internal.net.http.SocketTube$InternalReadPublisher$ReadEvent.signalEvent(SocketTube.java:1002)
	at java.net.http/jdk.internal.net.http.SocketTube$SocketFlowEvent.handle(SocketTube.java:253)
	at java.net.http/jdk.internal.net.http.HttpClientImpl$SelectorManager.handleEvent(HttpClientImpl.java:1439)
	at java.net.http/jdk.internal.net.http.HttpClientImpl$SelectorManager.lambda$run$3(HttpClientImpl.java:1384)
	at java.base/java.util.ArrayList.forEach(ArrayList.java:1604)
	at java.net.http/jdk.internal.net.http.HttpClientImpl$SelectorManager.run(HttpClientImpl.java:1384)
]]></error>
    <system-out><![CDATA[15:28:47.615 [main] INFO  c.s.monitoring.MetricsCollector - MetricsCollector initialized
15:28:47.617 [main] INFO  c.s.monitoring.DashboardServer - Dashboard server started on port 8081
15:28:47.617 [main] INFO  c.s.monitoring.DashboardServer - Access dashboard at http://localhost:8081/
15:28:47.734 [main] INFO  c.s.monitoring.DashboardServer - Dashboard server stopped
]]></system-out>
  </testcase>
  <testcase name="testAnomaliesEndpoint" classname="com.slipstream.monitoring.DashboardServerTest" time="0.116">
    <failure message="expected: &lt;true&gt; but was: &lt;false&gt;" type="org.opentest4j.AssertionFailedError"><![CDATA[org.opentest4j.AssertionFailedError: expected: <true> but was: <false>
	at org.junit.jupiter.api.AssertionFailureBuilder.build(AssertionFailureBuilder.java:151)
	at org.junit.jupiter.api.AssertionFailureBuilder.buildAndThrow(AssertionFailureBuilder.java:132)
	at org.junit.jupiter.api.AssertTrue.failNotTrue(AssertTrue.java:63)
	at org.junit.jupiter.api.AssertTrue.assertTrue(AssertTrue.java:36)
	at org.junit.jupiter.api.AssertTrue.assertTrue(AssertTrue.java:31)
	at org.junit.jupiter.api.Assertions.assertTrue(Assertions.java:183)
	at com.slipstream.monitoring.DashboardServerTest.testAnomaliesEndpoint(DashboardServerTest.java:120)
	at java.base/java.lang.reflect.Method.invoke(Method.java:565)
	at java.base/java.util.ArrayList.forEach(ArrayList.java:1604)
	at java.base/java.util.ArrayList.forEach(ArrayList.java:1604)
]]></failure>
    <system-out><![CDATA[15:28:47.743 [main] INFO  c.s.monitoring.MetricsCollector - MetricsCollector initialized
15:28:47.745 [main] INFO  c.s.monitoring.DashboardServer - Dashboard server started on port 8081
15:28:47.745 [main] INFO  c.s.monitoring.DashboardServer - Access dashboard at http://localhost:8081/
15:28:47.858 [main] INFO  c.s.monitoring.DashboardServer - Dashboard server stopped
]]></system-out>
  </testcase>
  <testcase name="testMetricsEndpoint" classname="com.slipstream.monitoring.DashboardServerTest" time="0.212">
    <error message="Class com.fasterxml.jackson.annotation.JsonFormat$Feature does not have member field &apos;com.fasterxml.jackson.annotation.JsonFormat$Feature READ_DATE_TIMESTAMPS_AS_NANOSECONDS&apos;" type="java.lang.NoSuchFieldError"><![CDATA[java.lang.NoSuchFieldError: Class com.fasterxml.jackson.annotation.JsonFormat$Feature does not have member field 'com.fasterxml.jackson.annotation.JsonFormat$Feature READ_DATE_TIMESTAMPS_AS_NANOSECONDS'
	at com.fasterxml.jackson.datatype.jsr310.deser.LocalDateTimeDeserializer._withFormatOverrides(LocalDateTimeDeserializer.java:101)
	at com.fasterxml.jackson.datatype.jsr310.deser.JSR310DateTimeDeserializerBase.createContextual(JSR310DateTimeDeserializerBase.java:121)
	at com.fasterxml.jackson.databind.DeserializationContext.handlePrimaryContextualization(DeserializationContext.java:851)
	at com.fasterxml.jackson.databind.deser.BeanDeserializerBase.resolve(BeanDeserializerBase.java:561)
	at com.fasterxml.jackson.databind.deser.DeserializerCache._createAndCache2(DeserializerCache.java:326)
	at com.fasterxml.jackson.databind.deser.DeserializerCache._createAndCacheValueDeserializer(DeserializerCache.java:273)
	at com.fasterxml.jackson.databind.deser.DeserializerCache.findValueDeserializer(DeserializerCache.java:173)
	at com.fasterxml.jackson.databind.DeserializationContext.findRootValueDeserializer(DeserializationContext.java:669)
	at com.fasterxml.jackson.databind.ObjectMapper._findRootDeserializer(ObjectMapper.java:5036)
	at com.fasterxml.jackson.databind.ObjectMapper._readMapAndClose(ObjectMapper.java:4906)
	at com.fasterxml.jackson.databind.ObjectMapper.readValue(ObjectMapper.java:3848)
	at com.fasterxml.jackson.databind.ObjectMapper.readValue(ObjectMapper.java:3816)
	at com.slipstream.monitoring.DashboardServerTest.testMetricsEndpoint(DashboardServerTest.java:81)
	at java.base/java.lang.reflect.Method.invoke(Method.java:565)
	at java.base/java.util.ArrayList.forEach(ArrayList.java:1604)
	at java.base/java.util.ArrayList.forEach(ArrayList.java:1604)
]]></error>
    <system-out><![CDATA[15:28:47.860 [main] INFO  c.s.monitoring.MetricsCollector - MetricsCollector initialized
15:28:47.861 [main] INFO  c.s.monitoring.DashboardServer - Dashboard server started on port 8081
15:28:47.861 [main] INFO  c.s.monitoring.DashboardServer - Access dashboard at http://localhost:8081/
15:28:48.071 [main] INFO  c.s.monitoring.DashboardServer - Dashboard server stopped
]]></system-out>
  </testcase>
  <testcase name="testServerPortConfiguration" classname="com.slipstream.monitoring.DashboardServerTest" time="0.107">
    <system-out><![CDATA[15:28:48.073 [main] INFO  c.s.monitoring.MetricsCollector - MetricsCollector initialized
15:28:48.076 [main] INFO  c.s.monitoring.DashboardServer - Dashboard server started on port 8081
15:28:48.076 [main] INFO  c.s.monitoring.DashboardServer - Access dashboard at http://localhost:8081/
15:28:48.178 [main] INFO  c.s.monitoring.DashboardServer - Dashboard server stopped
]]></system-out>
  </testcase>
</testsuite>