<?xml version="1.0" encoding="UTF-8"?>
<testsuite xmlns:xsi="http://www.w3.org/2001/XMLSchema-instance" xsi:noNamespaceSchemaLocation="https://maven.apache.org/surefire/maven-surefire-plugin/xsd/surefire-test-report-3.0.xsd" version="3.0" name="com.slipstream.model.TransactionEventTest" time="0.134" tests="6" errors="1" skipped="0" failures="0">
  <properties>
[...]
</properties>
  <testcase name="testJsonSerialization" classname="com.slipstream.model.TransactionEventTest" time="0.09"/>
  <testcase name="testToString" classname="com.slipstream.model.TransactionEventTest" time="0.003"/>
  <testcase name="testTransactionEventCreation" classname="com.slipstream.model.TransactionEventTest" time="0.001"/>
  <testcase name="testJsonDeserialization" classname="com.slipstream.model.TransactionEventTest" time="0.023">
    <error message="Class com.fasterxml.jackson.annotation.JsonFormat$Feature does not have member field &apos;com.fasterxml.jackson.annotation.JsonFormat$Feature READ_DATE_TIMESTAMPS_AS_NANOSECONDS&apos;" type="java.lang.NoSuchFieldError"><![CDATA[java.lang.NoSuchFieldError: Class com.fasterxml.jackson.annotation.JsonFormat$Feature does not have member field 'com.fasterxml.jackson.annotation.JsonFormat$Feature READ_DATE_TIMESTAMPS_AS_NANOSECONDS'
	at com.fasterxml.jackson.datatype.jsr310.deser.LocalDateTimeDeserializer._withFormatOverrides(LocalDateTimeDeserializer.java:101)
	at com.fasterxml.jackson.datatype.jsr310.deser.JSR310DateTimeDeserializerBase.createContextual(JSR310DateTimeDeserializerBase.java:121)
	at com.fasterxml.jackson.databind.DeserializationContext.handlePrimaryContextualization(DeserializationContext.java:851)
	at com.fasterxml.jackson.databind.deser.BeanDeserializerBase.resolve(BeanDeserializerBase.java:561)
	at com.fasterxml.jackson.databind.deser.DeserializerCache._createAndCache2(DeserializerCache.java:326)
	at com.fasterxml.jackson.databind.deser.DeserializerCache._createAndCacheValueDeserializer(DeserializerCache.java:273)
	at com.fasterxml.jackson.databind.deser.DeserializerCache.findValueDeserializer(DeserializerCache.java:173)
	at com.fasterxml.jackson.databind.DeserializationContext.findRootValueDeserializer(DeserializationContext.java:669)
	at com.fasterxml.jackson.databind.ObjectMapper._findRootDeserializer(ObjectMapper.java:5036)
	at com.fasterxml.jackson.databind.ObjectMapper._readMapAndClose(ObjectMapper.java:4906)
	at com.fasterxml.jackson.databind.ObjectMapper.readValue(ObjectMapper.java:3848)
	at com.fasterxml.jackson.databind.ObjectMapper.readValue(ObjectMapper.java:3816)
	at com.slipstream.model.TransactionEventTest.testJsonDeserialization(TransactionEventTest.java:76)
	at java.base/java.lang.reflect.Method.invoke(Method.java:565)
	at java.base/java.util.ArrayList.forEach(ArrayList.java:1604)
	at java.base/java.util.ArrayList.forEach(ArrayList.java:1604)
]]></error>
  </testcase>
  <testcase name="testLocationCreation" classname="com.slipstream.model.TransactionEventTest" time="0.0"/>
  <testcase name="testEqualsAndHashCode" classname="com.slipstream.model.TransactionEventTest" time="0.0"/>
</testsuite>